<?xml version="1.0" encoding="UTF-8"?>
<!-- Generated by org.testng.reporters.JUnitXMLReporter -->
<testsuite ignored="2" hostname="DESKTOP-6894EN5" failures="0" tests="2" name="Test" time="0.141" errors="0" timestamp="2022-10-31T09:39:13 IST">
  <testcase classname="testng_demo.new_groups" name="tc2" time="0.016"/>
  <testcase classname="testng_demo.new_groups" name="tc4" time="0.005"/>
  <testcase classname="testng_demo.new_groups" name="tc3" time="0.0">
    <ignored/>
  </testcase> <!-- tc3 -->
  <testcase classname="testng_demo.new_groups" name="tc1" time="0.0">
    <ignored/>
  </testcase> <!-- tc1 -->
</testsuite> <!-- Test -->
