<?xml version="1.0" encoding="UTF-8"?>
<testng-results ignored="0" total="2" passed="2" failed="0" skipped="0">
  <reporter-output>
  </reporter-output>
  <suite started-at="2022-11-07T18:37:42 IST" name="Default suite" finished-at="2022-11-07T18:38:40 IST" duration-ms="58108">
    <groups>
    </groups>
    <test started-at="2022-11-07T18:37:42 IST" name="Default test" finished-at="2022-11-07T18:38:40 IST" duration-ms="58108">
      <class name="testng_demo.dataprovider">
        <test-method is-config="true" signature="beforeTest()[pri:0, instance:testng_demo.dataprovider@5fbdfdcf]" started-at="2022-11-07T18:37:42 IST" name="beforeTest" finished-at="2022-11-07T18:37:55 IST" duration-ms="12582" status="PASS">
          <reporter-output>
          </reporter-output>
        </test-method> <!-- beforeTest -->
        <test-method signature="f(java.lang.String,java.lang.String)[pri:0, instance:testng_demo.dataprovider@5fbdfdcf]" started-at="2022-11-07T18:37:55 IST" name="f" data-provider="dp" finished-at="2022-11-07T18:38:19 IST" duration-ms="23769" status="PASS">
          <params>
            <param index="0">
              <value>
                <![CDATA[Admin]]>
              </value>
            </param>
            <param index="1">
              <value>
                <![CDATA[admin123]]>
              </value>
            </param>
          </params>
          <reporter-output>
          </reporter-output>
        </test-method> <!-- f -->
        <test-method signature="f(java.lang.String,java.lang.String)[pri:0, instance:testng_demo.dataprovider@5fbdfdcf]" started-at="2022-11-07T18:38:19 IST" name="f" data-provider="dp" finished-at="2022-11-07T18:38:40 IST" duration-ms="21691" status="PASS">
          <params>
            <param index="0">
              <value>
                <![CDATA[Admin]]>
              </value>
            </param>
            <param index="1">
              <value>
                <![CDATA[admin123]]>
              </value>
            </param>
          </params>
          <reporter-output>
          </reporter-output>
        </test-method> <!-- f -->
        <test-method is-config="true" signature="afterTest()[pri:0, instance:testng_demo.dataprovider@5fbdfdcf]" started-at="2022-11-07T18:38:40 IST" name="afterTest" finished-at="2022-11-07T18:38:40 IST" duration-ms="0" status="PASS">
          <reporter-output>
          </reporter-output>
        </test-method> <!-- afterTest -->
      </class> <!-- testng_demo.dataprovider -->
    </test> <!-- Default test -->
  </suite> <!-- Default suite -->
</testng-results>
